2021/12/13 10:14:40 PM	This log contains information about the import schema operation into project 'ShoppingCart.DB' on computer 'LN449713' by user 'AC19716'.
2021/12/13 10:14:40 PM	Import of database schema has started.
2021/12/13 10:14:44 PM	Gathering database credentials
2021/12/13 10:14:44 PM	Gathering database options
2021/12/13 10:14:44 PM	Gathering generic database scoped configuration option
2021/12/13 10:14:44 PM	Gathering users
2021/12/13 10:14:44 PM	Gathering roles
2021/12/13 10:14:44 PM	Gathering application roles
2021/12/13 10:14:44 PM	Gathering role memberships
2021/12/13 10:14:44 PM	Gathering filegroups
2021/12/13 10:14:44 PM	Gathering full-text catalogs
2021/12/13 10:14:44 PM	Gathering assemblies
2021/12/13 10:14:44 PM	Gathering certificates
2021/12/13 10:14:44 PM	Gathering asymmetric keys
2021/12/13 10:14:44 PM	Gathering symmetric keys
2021/12/13 10:14:44 PM	Gathering encrypted symmetric keys
2021/12/13 10:14:44 PM	Gathering schemas
2021/12/13 10:14:44 PM	Gathering XML schema collections
2021/12/13 10:14:44 PM	Gathering user-defined data types
2021/12/13 10:14:44 PM	Gathering user-defined types
2021/12/13 10:14:44 PM	Gathering table types
2021/12/13 10:14:44 PM	Gathering unique keys for table types
2021/12/13 10:14:44 PM	Gathering primary keys for table types
2021/12/13 10:14:44 PM	Gathering indexes for table types
2021/12/13 10:14:44 PM	Gathering check constraints for table types
2021/12/13 10:14:44 PM	Gathering default constraints for table types
2021/12/13 10:14:44 PM	Gathering partition functions
2021/12/13 10:14:44 PM	Gathering partition schemes
2021/12/13 10:14:44 PM	Gathering functions
2021/12/13 10:14:44 PM	Gathering encrypted functions
2021/12/13 10:14:44 PM	Gathering aggregates
2021/12/13 10:14:44 PM	Gathering procedures
2021/12/13 10:14:44 PM	Gathering encrypted procedures
2021/12/13 10:14:44 PM	Gathering tables
2021/12/13 10:14:44 PM	Gathering primary keys
2021/12/13 10:14:44 PM	Gathering unique constraints
2021/12/13 10:14:44 PM	Gathering foreign keys
2021/12/13 10:14:44 PM	Gathering default constraints
2021/12/13 10:14:44 PM	Gathering check constraints
2021/12/13 10:14:44 PM	Gathering views
2021/12/13 10:14:44 PM	Gathering encrypted views
2021/12/13 10:14:44 PM	Gathering indexes
2021/12/13 10:14:44 PM	Gathering statistics
2021/12/13 10:14:44 PM	Gathering full-text index stoplists
2021/12/13 10:14:44 PM	Gathering search property lists
2021/12/13 10:14:44 PM	Gathering search properties
2021/12/13 10:14:44 PM	Gathering full-text indexes
2021/12/13 10:14:44 PM	Gathering column store indexes
2021/12/13 10:14:44 PM	Gathering spatial indexes
2021/12/13 10:14:44 PM	Gathering XML indexes
2021/12/13 10:14:44 PM	Gathering Selective XML indexes
2021/12/13 10:14:44 PM	Gathering encrypted triggers
2021/12/13 10:14:44 PM	Gathering triggers
2021/12/13 10:14:44 PM	Gathering encrypted and clr ddl triggers
2021/12/13 10:14:44 PM	Gathering ddl triggers
2021/12/13 10:14:44 PM	Creating edge constraints
2021/12/13 10:14:44 PM	Gathering synonyms
2021/12/13 10:14:44 PM	Gathering defaults
2021/12/13 10:14:44 PM	Gathering data constraint uddt bindings
2021/12/13 10:14:44 PM	Gathering rules
2021/12/13 10:14:44 PM	Gathering data constraint uddt bindings
2021/12/13 10:14:44 PM	Gathering message types
2021/12/13 10:14:44 PM	Gathering queues
2021/12/13 10:14:44 PM	Gathering contracts
2021/12/13 10:14:44 PM	Gathering services
2021/12/13 10:14:44 PM	Gathering event notifications
2021/12/13 10:14:44 PM	Gathering remote service bindings
2021/12/13 10:14:44 PM	Gathering broker priorities
2021/12/13 10:14:44 PM	Gathering signatures
2021/12/13 10:14:44 PM	Gathering data compression options
2021/12/13 10:14:44 PM	Gathering sequence types
2021/12/13 10:14:44 PM	Gathering security policies
2021/12/13 10:14:44 PM	Gather column encryption keys
2021/12/13 10:14:44 PM	Gathering column master keys
2021/12/13 10:14:44 PM	Gathering external data sources
2021/12/13 10:14:44 PM	Gathering external file formats
2021/12/13 10:14:44 PM	Gathering external tables
2021/12/13 10:14:44 PM	Gathering extended properties
2021/12/13 10:14:45 PM	Gathering assemblies
2021/12/13 10:14:45 PM	Gathering credentials
2021/12/13 10:14:45 PM	Gathering logins
2021/12/13 10:14:45 PM	Gathering server audits
2021/12/13 10:14:45 PM	Finished importing database.
2021/12/13 10:14:45 PM	A summary of the import was saved to the following location: C:\Projects\ShoppingCart\ShoppingCart\ShoppingCart.DB\Import Schema Logs\ShoppingCart.DB_20211214061440.log
2021/12/13 10:14:45 PM	Click Finish to continue...
